<?xml version="1.0" encoding="UTF-8"?>
<testsuite xmlns:xsi="http://www.w3.org/2001/XMLSchema-instance" xsi:noNamespaceSchemaLocation="https://maven.apache.org/surefire/maven-surefire-plugin/xsd/surefire-test-report-3.0.xsd" version="3.0" name="com.example.genericsLive.HttpRequestHandlerTest" time="0.139" tests="2" errors="0" skipped="0" failures="0">
  <properties>
[...]
</properties>
  <testcase name="testHandleRequestGETSuccess" classname="com.example.genericsLive.HttpRequestHandlerTest" time="0.06">
    <system-out><![CDATA[------------------------------------resource used
GET Response Code :: 200
GET DONE
]]></system-out>
  </testcase>
  <testcase name="testHandleRequestGETIOException" classname="com.example.genericsLive.HttpRequestHandlerTest" time="0.077">
    <system-out><![CDATA[------------------------------------resource used
GET Response Code :: 200
GET DONE
]]></system-out>
  </testcase>
</testsuite>